<?xml version="1.0" encoding="UTF-8"?>
<!-- Generated by org.testng.reporters.JUnitXMLReporter -->
<testsuite ignored="0" hostname="HLWHKYM733" failures="0" tests="1" name="Default test" time="0.075" errors="0" timestamp="2021-07-19T08:45:10 SAST">
  <testcase classname="com.OldMutualFinance.QA.config.StartBrowser" name="@BeforeSuite beforeClass" time="-1.626677110254E9">
    <failure type="org.testng.TestNGException" message="
Parameter &amp;apos;browser&amp;apos; is required by BeforeSuite on method beforeClass but has not been marked @Optional or defined
in C:\Users\mashudumud\AppData\Local\Temp\testng-eclipse--1821120947\testng-customsuite.xml">
      <![CDATA[org.testng.TestNGException: 
Parameter 'browser' is required by BeforeSuite on method beforeClass but has not been marked @Optional or defined
in C:\Users\mashudumud\AppData\Local\Temp\testng-eclipse--1821120947\testng-customsuite.xml
at org.testng.internal.Parameters.createParams(Parameters.java:270)
at org.testng.internal.Parameters.createParametersForMethod(Parameters.java:358)
at org.testng.internal.Parameters.createParameters(Parameters.java:700)
at org.testng.internal.Parameters.createConfigurationParameters(Parameters.java:168)
at org.testng.internal.ConfigInvoker.invokeConfigurations(ConfigInvoker.java:302)
at org.testng.SuiteRunner.privateRun(SuiteRunner.java:317)
at org.testng.SuiteRunner.run(SuiteRunner.java:276)
at org.testng.SuiteRunnerWorker.runSuite(SuiteRunnerWorker.java:53)
at org.testng.SuiteRunnerWorker.run(SuiteRunnerWorker.java:96)
at org.testng.TestNG.runSuitesSequentially(TestNG.java:1212)
at org.testng.TestNG.runSuitesLocally(TestNG.java:1134)
at org.testng.TestNG.runSuites(TestNG.java:1063)
at org.testng.TestNG.run(TestNG.java:1031)
at org.testng.remote.AbstractRemoteTestNG.run(AbstractRemoteTestNG.java:115)
at org.testng.remote.RemoteTestNG.initAndRun(RemoteTestNG.java:251)
at org.testng.remote.RemoteTestNG.main(RemoteTestNG.java:77)
]]>
    </failure>
  </testcase> <!-- @BeforeSuite beforeClass -->
  <testcase classname="com.OldMutualFinance.QA.config.StartBrowser" name="@BeforeTest generateReport" time="-1.626677110284E9">
    <skipped/>
  </testcase> <!-- @BeforeTest generateReport -->
  <testcase classname="com.OldMutualFinance.QA.config.StartBrowser" name="@BeforeMethod methodName" time="-1.62667711034E9">
    <skipped/>
  </testcase> <!-- @BeforeMethod methodName -->
  <testcase classname="com.OldMutualFinance.QA.TestCase_Scripts.TC001_testHomePage" name="Browse_To_Old_Mutual_Finance_Home_Screen" time="0.0">
    <skipped/>
  </testcase> <!-- Browse_To_Old_Mutual_Finance_Home_Screen -->
</testsuite> <!-- Default test -->
