<?xml version="1.0" encoding="UTF-8"?>
<!-- Generated by org.testng.reporters.JUnitXMLReporter -->
<testsuite ignored="2" hostname="HLWHKYM733" failures="2" tests="3" name="Test" time="56.03" errors="0" timestamp="2021-07-19T06:12:40 SAST">
  <testcase classname="com.OldMutualFinance.QA.TestCase_Scripts.TC001_testHomePage" name="Browse_To_Old_Mutual_Finance_Home_Screen" time="21.973"/>
  <testcase classname="com.OldMutualFinance.QA.TestCase_Scripts.TC002_testPersonalLoansPage" name="Navigate_To_Personal_Loans_Page" time="6.002">
    <failure type="java.lang.NullPointerException" message="Cannot invoke &amp;quot;com.OldMutualFinance.QA.WebDriverCommands.ActionDriver.mouseHover(org.openqa.selenium.By, String)&amp;quot; because &amp;quot;this.aDriver&amp;quot; is null">
      <![CDATA[java.lang.NullPointerException: Cannot invoke "com.OldMutualFinance.QA.WebDriverCommands.ActionDriver.mouseHover(org.openqa.selenium.By, String)" because "this.aDriver" is null
at com.OldMutualFinance.QA.TestCase_Scripts.TC002_testPersonalLoansPage.Navigate_To_Personal_Loans_Page(TC002_testPersonalLoansPage.java:23)
at java.base/java.util.ArrayList.forEach(ArrayList.java:1511)
... Removed 27 stack frames]]>
    </failure>
  </testcase> <!-- Navigate_To_Personal_Loans_Page -->
  <testcase classname="com.OldMutualFinance.QA.TestCase_Scripts.TC003_testCalculatePersonalLoan" name="Navigate_to_Personal_Loan_Calculator" time="0.002">
    <failure type="java.lang.NullPointerException" message="Cannot invoke &amp;quot;com.OldMutualFinance.QA.WebDriverCommands.ActionDriver.mouseHover(org.openqa.selenium.By, String)&amp;quot; because &amp;quot;this.aDriver&amp;quot; is null">
      <![CDATA[java.lang.NullPointerException: Cannot invoke "com.OldMutualFinance.QA.WebDriverCommands.ActionDriver.mouseHover(org.openqa.selenium.By, String)" because "this.aDriver" is null
at com.OldMutualFinance.QA.TestCase_Scripts.TC003_testCalculatePersonalLoan.Navigate_to_Personal_Loan_Calculator(TC003_testCalculatePersonalLoan.java:24)
at java.base/java.util.ArrayList.forEach(ArrayList.java:1511)
... Removed 27 stack frames]]>
    </failure>
  </testcase> <!-- Navigate_to_Personal_Loan_Calculator -->
  <testcase classname="com.OldMutualFinance.QA.config.StartBrowser" name="@BeforeTest generateReport" time="0.0">
    <ignored/>
  </testcase> <!-- @BeforeTest generateReport -->
  <testcase classname="com.OldMutualFinance.QA.config.StartBrowser" name="@BeforeTest generateReport" time="0.0">
    <ignored/>
  </testcase> <!-- @BeforeTest generateReport -->
</testsuite> <!-- Test -->
